{
  "RSpec": {
    "coverage": {
      "/home/daniel/mios/spigoter/lib/spigoter.rb": [
        1,
        1,
        1,
        null,
        1,
        null,
        null
      ],
      "/home/daniel/mios/spigoter/lib/spigoter/plugins.rb": [
        1,
        1,
        1,
        2,
        2,
        2,
        null,
        null,
        null,
        null,
        1,
        2,
        null,
        2,
        2,
        2,
        null,
        null,
        0,
        null,
        null,
        null
      ],
      "/home/daniel/mios/spigoter/lib/spigoter/webapi/curse.rb": [
        1,
        null,
        1,
        1,
        1,
        4,
        4,
        4,
        4,
        4,
        null,
        1,
        1,
        1,
        null,
        1,
        3,
        3,
        null,
        1,
        4,
        3,
        3,
        null,
        1,
        1,
        1,
        1,
        null,
        1,
        1,
        1,
        null,
        1,
        3,
        6,
        null,
        null,
        null
      ],
      "/home/daniel/mios/spigoter/spec/plugins_spec.rb": [
        1,
        1,
        1,
        null,
        null,
        1,
        1,
        1,
        null,
        null,
        null,
        null,
        null,
        null,
        null,
        null,
        null,
        null,
        null,
        null,
        null,
        1,
        null,
        1,
        1,
        1,
        null,
        1,
        1,
        1,
        1,
        null,
        1,
        1,
        null,
        null,
        null
      ],
      "/home/daniel/mios/spigoter/spec/spigoter_spec.rb": [
        1,
        null,
        1,
        1,
        1,
        null,
        null
      ],
      "/home/daniel/mios/spigoter/spec/webapi/pluginCurse_spec.rb": [
        1,
        1,
        null,
        1,
        1,
        1,
        null,
        1,
        1,
        1,
        null,
        null,
        1,
        1,
        1,
        null,
        null,
        1,
        1,
        1,
        null,
        null,
        1,
        1,
        1,
        null,
        null,
        1,
        1,
        1,
        1,
        1,
        null,
        null,
        1,
        null,
        1,
        1,
        null,
        null,
        null
      ]
    },
    "timestamp": 1459432746
  }
}
